Database error in getBatchesByCompany: SQLSTATE[42S22]: Column not found: 1054 Unknown column 'l.name' in 'field list'Database error in getBatchesByCompany: SQLSTATE[42S22]: Column not found: 1054 Unknown column 'l.name' in 'field list'Database error in getBatchesByCompany: SQLSTATE[42S22]: Column not found: 1054 Unknown column 'l.name' in 'field list'Database error in getBatchesByCompany: SQLSTATE[42S22]: Column not found: 1054 Unknown column 'l.name' in 'field list'Database error in getBatchesByCompany: SQLSTATE[42S22]: Column not found: 1054 Unknown column 'l.name' in 'field list'Database error in getBatchesByCompany: SQLSTATE[42S22]: Column not found: 1054 Unknown column 'l.name' in 'field list'Database error in getBatchesByCompany: SQLSTATE[42S22]: Column not found: 1054 Unknown column 'l.name' in 'field list'Database error in getBatchesByCompany: SQLSTATE[42S22]: Column not found: 1054 Unknown column 'l.name' in 'field list'Database error in getBatchesByCompany: SQLSTATE[42S22]: Column not found: 1054 Unknown column 'l.name' in 'field list'Database error in getBatchesByCompany: SQLSTATE[42S22]: Column not found: 1054 Unknown column 'l.name' in 'field list'Database error in getBatchesByCompany: SQLSTATE[42S22]: Column not found: 1054 Unknown column 'l.name' in 'field list'Database error in getBatchesByCompany: SQLSTATE[42S22]: Column not found: 1054 Unknown column 'l.name' in 'field list'Database error in getBatchesByCompany: SQLSTATE[42S22]: Column not found: 1054 Unknown column 'l.name' in 'field list'Database error in getBatchesByCompany: SQLSTATE[42S22]: Column not found: 1054 Unknown column 'l.name' in 'field list'Database error in getBatchesByCompany: SQLSTATE[42S22]: Column not found: 1054 Unknown column 'l.name' in 'field list'Database error in getBatchesByCompany: SQLSTATE[42S22]: Column not found: 1054 Unknown column 'l.name' in 'field list'BatchModel getBatchesByCompany error: SQLSTATE[42S22]: Column not found: 1054 Unknown column 'batchID' in 'where clause'BatchModel getBatchesByCompany error: SQLSTATE[42S22]: Column not found: 1054 Unknown column 'batchID' in 'where clause'BatchModel getBatchesByCompany error: SQLSTATE[42S22]: Column not found: 1054 Unknown column 'batchID' in 'where clause'BatchModel getBatchesByCompany error: SQLSTATE[42S22]: Column not found: 1054 Unknown column 'batchID' in 'where clause'BatchModel getBatchesByCompany error: SQLSTATE[42S22]: Column not found: 1054 Unknown column 'batchID' in 'where clause'BatchModel getBatchesByCompany error: SQLSTATE[42S22]: Column not found: 1054 Unknown column 'b.id' in 'on clause'BatchModel getBatchesByCompany error: SQLSTATE[42S22]: Column not found: 1054 Unknown column 'b.id' in 'on clause'BatchModel getBatchesByCompany error: SQLSTATE[42S22]: Column not found: 1054 Unknown column 'b.id' in 'on clause'BatchModel getBatchesByCompany error: SQLSTATE[42S22]: Column not found: 1054 Unknown column 'b1.estimatedLoss' in 'field list'BatchModel getBatchesByCompany error: SQLSTATE[42S22]: Column not found: 1054 Unknown column 'b1.estimatedLoss' in 'field list'BatchModel getBatchesByCompany error: SQLSTATE[42S22]: Column not found: 1054 Unknown column 'l.livestockName' in 'field list'BatchModel getBatchesByCompany error: SQLSTATE[42000]: Syntax error or access violation: 1064 You have an error in your SQL syntax; check the manual that corresponds to your MariaDB server version for the right syntax to use near 'FROM 
                batch b
            LEFT JOIN
                livest...' at line 7BatchModel getBatchByID error: SQLSTATE[42000]: Syntax error or access violation: 1064 You have an error in your SQL syntax; check the manual that corresponds to your MariaDB server version for the right syntax to use near 'FrOM 
                batch_sales bs
            WHERE 
                bs...' at line 3BatchModel getBatchByID error: SQLSTATE[42000]: Syntax error or access violation: 1064 You have an error in your SQL syntax; check the manual that corresponds to your MariaDB server version for the right syntax to use near 'FrOM 
                batch_sales bs
            WHERE 
                bs...' at line 3BatchModel getBatchByID error: SQLSTATE[42000]: Syntax error or access violation: 1064 You have an error in your SQL syntax; check the manual that corresponds to your MariaDB server version for the right syntax to use near 'FrOM 
                batch_sales bs
            WHERE 
                bs...' at line 3BatchModel getBatchByID error: SQLSTATE[42000]: Syntax error or access violation: 1064 You have an error in your SQL syntax; check the manual that corresponds to your MariaDB server version for the right syntax to use near 'FrOM 
                batch_sales bs
            WHERE 
                bs...' at line 3BatchModel getBatchByID error: SQLSTATE[42000]: Syntax error or access violation: 1064 You have an error in your SQL syntax; check the manual that corresponds to your MariaDB server version for the right syntax to use near 'FrOM 
                batch_sales bs
            WHERE 
                bs...' at line 3BatchModel getBatchByID error: SQLSTATE[42000]: Syntax error or access violation: 1064 You have an error in your SQL syntax; check the manual that corresponds to your MariaDB server version for the right syntax to use near 'FROM 
                batch_sales bs
            WHERE 
                bs...' at line 3BatchModel getBatchByID error: SQLSTATE[42000]: Syntax error or access violation: 1064 You have an error in your SQL syntax; check the manual that corresponds to your MariaDB server version for the right syntax to use near 'FROM 
                batch_sales bs
            WHERE 
                bs...' at line 3BatchModel getBatchByID error: SQLSTATE[42000]: Syntax error or access violation: 1064 You have an error in your SQL syntax; check the manual that corresponds to your MariaDB server version for the right syntax to use near 'FROM 
                batch_sales bs
            WHERE 
                bs...' at line 3BatchModel getBatchByID error: SQLSTATE[42000]: Syntax error or access violation: 1064 You have an error in your SQL syntax; check the manual that corresponds to your MariaDB server version for the right syntax to use near 'FROM 
                batch_sales bs
            WHERE 
                bs...' at line 3BatchModel getBatchByID error: SQLSTATE[42000]: Syntax error or access violation: 1064 You have an error in your SQL syntax; check the manual that corresponds to your MariaDB server version for the right syntax to use near 'FROM 
                batch_sales bs
            WHERE 
                bs...' at line 3BatchModel getBatchByID error: SQLSTATE[42000]: Syntax error or access violation: 1064 You have an error in your SQL syntax; check the manual that corresponds to your MariaDB server version for the right syntax to use near 'FROM 
                batch_sales bs
            WHERE 
                bs...' at line 3