DashboardModel getDashboardData error: SQLSTATE[42S22]: Column not found: 1054 Unknown column 'l.name' in 'field list'DashboardModel getDashboardData error: SQLSTATE[42S22]: Column not found: 1054 Unknown column 'l.name' in 'field list'DashboardModel getDashboardData error: SQLSTATE[42S22]: Column not found: 1054 Unknown column 'l.name' in 'field list'DashboardModel getDashboardData error: SQLSTATE[42S22]: Column not found: 1054 Unknown column 'l.name' in 'field list'DashboardModel getDashboardData error: SQLSTATE[42S22]: Column not found: 1054 Unknown column 'l.name' in 'field list'DashboardModel getDashboardData error: SQLSTATE[42S22]: Column not found: 1054 Unknown column 'l.name' in 'field list'DashboardModel getDashboardData error: SQLSTATE[42S22]: Column not found: 1054 Unknown column 'l.name' in 'field list'DashboardModel getDashboardData error: SQLSTATE[42S02]: Base table or view not found: 1146 Table 'farm-management.batch_loss' doesn't existDashboardModel getDashboardData error: SQLSTATE[42S02]: Base table or view not found: 1146 Table 'farm-management.batch_loss' doesn't existDashboardModel getDashboardData error: SQLSTATE[42S02]: Base table or view not found: 1146 Table 'farm-management.batch_loss' doesn't existDashboardModel getDashboardData error: SQLSTATE[42S02]: Base table or view not found: 1146 Table 'farm-management.batch_loss' doesn't existDashboardModel getDashboardData error: SQLSTATE[42S02]: Base table or view not found: 1146 Table 'farm-management.batch_loss' doesn't existDashboardModel getDashboardData error: SQLSTATE[42S02]: Base table or view not found: 1146 Table 'farm-management.batch_loss' doesn't existDashboardModel getDashboardData error: SQLSTATE[42S02]: Base table or view not found: 1146 Table 'farm-management.batch_loss' doesn't existDashboardModel getDashboardData error: SQLSTATE[42000]: Syntax error or access violation: 1064 You have an error in your SQL syntax; check the manual that corresponds to your MariaDB server version for the right syntax to use near '(b.quantity - COALESCE(SUM(bl.quantity), 0) - COALESCE(SUM(bs.quantity), 0)) ...' at line 8DashboardModel getDashboardData error: SQLSTATE[42S22]: Column not found: 1054 Unknown column 'bs.salePrice' in 'field list'DashboardModel getDashboardData error: SQLSTATE[42S22]: Column not found: 1054 Unknown column 'bs.salePrice' in 'field list'DashboardModel getDashboardData error: SQLSTATE[42S22]: Column not found: 1054 Unknown column 'bs.salePrice' in 'field list'DashboardModel getDashboardData error: SQLSTATE[42000]: Syntax error or access violation: 1064 You have an error in your SQL syntax; check the manual that corresponds to your MariaDB server version for the right syntax to use near 'AS total_loss_value, 0),
            (b.quantity - COALESCE(SUM(bl.quantity)...' at line 6DashboardModel getDashboardData error: SQLSTATE[42S22]: Column not found: 1054 Unknown column 'bl.lossValue' in 'field list'DashboardModel getDashboardData error: SQLSTATE[42S22]: Column not found: 1054 Unknown column 'bl.lossValue' in 'field list'DashboardModel getDashboardData error: SQLSTATE[42S22]: Column not found: 1054 Unknown column 'bl.lossValue' in 'field list'DashboardModel getDashboardData error: SQLSTATE[42S22]: Column not found: 1054 Unknown column 'bl.lossValue' in 'field list'DashboardModel getLivestock error: SQLSTATE[42S22]: Column not found: 1054 Unknown column 'status' in 'where clause'DashboardModel getLivestock error: SQLSTATE[42000]: Syntax error or access violation: 1064 You have an error in your SQL syntax; check the manual that corresponds to your MariaDB server version for the right syntax to use near 'FROM
            livestock l
            LEFT JOIN 
            batch b ON...' at line 3DashboardModel getLivestock error: SQLSTATE[42000]: Syntax error or access violation: 1064 You have an error in your SQL syntax; check the manual that corresponds to your MariaDB server version for the right syntax to use near 'FROM
            livestock l
            LEFT JOIN 
            batch b ON...' at line 3DashboardModel getLivestock error: SQLSTATE[42000]: Syntax error or access violation: 1064 You have an error in your SQL syntax; check the manual that corresponds to your MariaDB server version for the right syntax to use near 'FROM
            livestock l
            LEFT JOIN 
            batch b ON...' at line 3DashboardModel getLivestock error: SQLSTATE[42000]: Syntax error or access violation: 1064 You have an error in your SQL syntax; check the manual that corresponds to your MariaDB server version for the right syntax to use near 'FROM
            livestock l
            LEFT JOIN 
            batch b ON...' at line 3DashboardModel getLivestock error: SQLSTATE[42000]: Syntax error or access violation: 1064 You have an error in your SQL syntax; check the manual that corresponds to your MariaDB server version for the right syntax to use near 'FROM
            livestock l
            LEFT JOIN 
            batch b ON...' at line 3DashboardModel getLivestock error: SQLSTATE[42000]: Syntax error or access violation: 1064 You have an error in your SQL syntax; check the manual that corresponds to your MariaDB server version for the right syntax to use near 'FROM
            livestock l
            LEFT JOIN 
            batch b ON...' at line 3